info: Sessions have been initialized
info: API Routes registered sucessfully
info: Loaded app sucessfully on port 5000
info: Databse connection established successfully.
error: Error: Unauthorized
error: Error: Unauthorized
error: Error: Unauthorized
error: Error: Unauthorized
error: Error: Unauthorized
info: adamscode has joined room projectfuk
info: adamscode has joined room manga
info: Socket h9Gs-bM4z64WXsa_AAAB has disconnected
info: adamscode has joined room manga
info: Socket HeE-VBMqbJxoKJzKAAAD has disconnected
info: adamscode has joined room manga
info: Socket phKRrKBQ3RDL8M4TAAAF has disconnected
info: adamscode has joined room manga
info: Socket n_No6f545oAH1Q_pAAAH has disconnected
info: adamscode has joined room manga
info: Socket AnZP_qoVM4BaG76JAAAJ has disconnected
info: adamscode has joined room manga
info: Sessions have been initialized
info: API Routes registered sucessfully
info: Loaded app sucessfully on port 5000
info: Databse connection established successfully.
info: Sessions have been initialized
info: API Routes registered sucessfully
info: Loaded app sucessfully on port 5000
info: Databse connection established successfully.
info: Sessions have been initialized
info: API Routes registered sucessfully
info: Loaded app sucessfully on port 5000
info: Databse connection established successfully.
info: Sessions have been initialized
info: API Routes registered sucessfully
info: Loaded app sucessfully on port 5000
info: Databse connection established successfully.
info: Sessions have been initialized
info: API Routes registered sucessfully
info: Loaded app sucessfully on port 5000
info: Databse connection established successfully.
info: Sessions have been initialized
info: API Routes registered sucessfully
info: Loaded app sucessfully on port 5000
info: Databse connection established successfully.
info: Sessions have been initialized
info: API Routes registered sucessfully
info: Loaded app sucessfully on port 5000
info: Databse connection established successfully.
info: Sessions have been initialized
info: API Routes registered sucessfully
info: Loaded app sucessfully on port 5000
info: Databse connection established successfully.
info: Sessions have been initialized
info: API Routes registered sucessfully
info: Loaded app sucessfully on port 5000
info: Databse connection established successfully.
info: Sessions have been initialized
info: API Routes registered sucessfully
info: Loaded app sucessfully on port 5000
info: Databse connection established successfully.
info: Sessions have been initialized
info: API Routes registered sucessfully
info: Loaded app sucessfully on port 5000
info: Sessions have been initialized
info: API Routes registered sucessfully
info: Loaded app sucessfully on port 5000
info: Sessions have been initialized
info: API Routes registered sucessfully
info: Loaded app sucessfully on port 5000
info: Databse connection established successfully.
info: Sessions have been initialized
info: API Routes registered sucessfully
info: Loaded app sucessfully on port 5000
info: Databse connection established successfully.
info: Sessions have been initialized
info: API Routes registered sucessfully
info: Loaded app sucessfully on port 5000
info: Databse connection established successfully.
info: Sessions have been initialized
info: API Routes registered sucessfully
info: Loaded app sucessfully on port 5000
info: Databse connection established successfully.
info: Sessions have been initialized
info: API Routes registered sucessfully
info: Loaded app sucessfully on port 5000
info: Databse connection established successfully.
info: Sessions have been initialized
info: API Routes registered sucessfully
info: Loaded app sucessfully on port 5000
info: Databse connection established successfully.
info: Sessions have been initialized
info: API Routes registered sucessfully
info: Loaded app sucessfully on port 5000
info: Databse connection established successfully.
info: Sessions have been initialized
info: API Routes registered sucessfully
info: Loaded app sucessfully on port 5000
info: Databse connection established successfully.
error: Error: "value" must have at least 1 key
error: Error: Invalid user id NaN
error: Error: "value" must have at least 1 key
error: Error: "value" must have at least 1 key
info: Sessions have been initialized
info: API Routes registered sucessfully
info: Loaded app sucessfully on port 5000
info: Databse connection established successfully.
